[debug] > Exec(early(addDefaultCommands), None, None)
[debug] > Exec(addDefaultCommands, None, None)
[debug] > Exec(early(initialize), None, None)
[debug] > Exec(initialize, None, None)
[debug] > Exec(boot, None, None)
[debug] > Exec(writeSbtVersion, None, None)
[debug] > Exec(reload, None, None)
[debug] > Exec(sbtStashOnFailure, None, None)
[debug] > Exec(onFailure loadFailed, None, None)
[debug] > Exec(loadp, None, None)
[info] welcome to sbt 1.6.2 (Private Build Java 11.0.15)
[debug]       Load.loadUnit: plugins took 194.084552ms
[debug]       Load.loadUnit: defsScala took 0.915032ms
[debug] [Loading] Scanning directory /home/ramir_sultanov/.sbt/1.0/plugins
[debug] [Loading] Found non-root projects 
[debug] [Loading] Done in /home/ramir_sultanov/.sbt/1.0/plugins, returning: ()
[debug] deducing auto plugins based on known facts Set(Atom(sbt.plugins.CorePlugin)) and clauses Clauses(Clause(Atom(sbt.plugins.JvmPlugin),Set(Atom(sbt.plugins.IvyPlugin)))
[debug] Clause(Atom(sbt.ScriptedPlugin),Set(Atom(sbt.plugins.JvmPlugin)))
[debug] Clause(Atom(sbt.plugins.SbtPlugin),Set(Atom(sbt.ScriptedPlugin)))
[debug] Clause(Atom(sbt.plugins.SemanticdbPlugin),Set(Atom(sbt.plugins.JvmPlugin)))
[debug] Clause(Atom(sbt.plugins.JUnitXmlReportPlugin),Set(Atom(sbt.plugins.JvmPlugin)))
[debug] Clause(Atom(sbt.plugins.MiniDependencyTreePlugin),Set(Atom(sbt.plugins.JvmPlugin)))
[debug] Clause(Atom(sbt.plugins.CorePlugin),Set(Atom(sbt.plugins.IvyPlugin)))
[debug] Clause(Atom(sbt.plugins.IvyPlugin),Set(Atom(sbt.plugins.JvmPlugin)))
[debug] Clause(Atom(sbt.plugins.JvmPlugin),Set(Atom(sbt.plugins.SemanticdbPlugin)))
[debug] Clause(Atom(sbt.plugins.JvmPlugin),Set(Atom(sbt.plugins.JUnitXmlReportPlugin)))
[debug] Clause(Atom(sbt.plugins.CorePlugin),Set(Atom(sbt.plugins.Giter8TemplatePlugin)))
[debug] Clause(Atom(sbt.plugins.JvmPlugin),Set(Atom(sbt.plugins.MiniDependencyTreePlugin))))
[debug]   :: deduced result: Matched(sbt.plugins.CorePlugin,sbt.plugins.Giter8TemplatePlugin,sbt.plugins.IvyPlugin,sbt.plugins.JvmPlugin,sbt.plugins.MiniDependencyTreePlugin,sbt.plugins.JUnitXmlReportPlugin,sbt.plugins.SemanticdbPlugin)
[debug] Plugins.deducer#function took 67.883669 ms
[debug]           Load.resolveProject(global-plugins) took 152.479555ms
[debug]         Load.loadTransitive: finalizeProject(Project(id global-plugins, base: /home/ramir_sultanov/.sbt/1.0/plugins, plugins: List(<none>))) took 328.11108ms
[debug] [Loading] Done in /home/ramir_sultanov/.sbt/1.0/plugins, returning: (global-plugins)
[debug]       Load.loadUnit: loadedProjectsRaw took 386.928179ms
[debug]       Load.loadUnit: cleanEvalClasses took 0.454767ms
[debug]     Load.loadUnit(file:/home/ramir_sultanov/.sbt/1.0/plugins/, ...) took 605.400821ms
[debug]   Load.apply: load took 1215.340205ms
[debug]   Load.apply: resolveProjects took 18.185877ms
[debug]   Load.apply: finalTransforms took 190.281465ms
[debug]   Load.apply: config.delegates took 28.235801ms
[debug]   Load.apply: Def.make(settings)... took 1250.330139ms
[debug]   Load.apply: structureIndex took 240.037809ms
[debug]   Load.apply: mkStreams took 2.716202ms
[info] loading global plugins from /home/ramir_sultanov/.sbt/1.0/plugins
[debug] Running task... Cancel: Signal, check cycles: false, forcegc: true
[debug] Load.defaultLoad until apply took 20605.188859ms
[debug]           Load.loadUnit: plugins took 56.191221ms
[debug]           Load.loadUnit: defsScala took 0.015728ms
[debug] [Loading] Scanning directory /home/ramir_sultanov/Documents/uni/sub/sca/untitled1/project
[debug] [Loading] Found non-root projects 
[debug] [Loading] Done in /home/ramir_sultanov/Documents/uni/sub/sca/untitled1/project, returning: ()
[debug] deducing auto plugins based on known facts Set(Atom(sbt.plugins.CorePlugin)) and clauses Clauses(Clause(Atom(sbt.plugins.JvmPlugin),Set(Atom(sbt.plugins.IvyPlugin)))
[debug] Clause(Atom(sbt.ScriptedPlugin),Set(Atom(sbt.plugins.JvmPlugin)))
[debug] Clause(Atom(sbt.plugins.SbtPlugin),Set(Atom(sbt.ScriptedPlugin)))
[debug] Clause(Atom(sbt.plugins.SemanticdbPlugin),Set(Atom(sbt.plugins.JvmPlugin)))
[debug] Clause(Atom(sbt.plugins.JUnitXmlReportPlugin),Set(Atom(sbt.plugins.JvmPlugin)))
[debug] Clause(Atom(sbt.plugins.MiniDependencyTreePlugin),Set(Atom(sbt.plugins.JvmPlugin)))
[debug] Clause(Atom(sbt.plugins.CorePlugin),Set(Atom(sbt.plugins.IvyPlugin)))
[debug] Clause(Atom(sbt.plugins.IvyPlugin),Set(Atom(sbt.plugins.JvmPlugin)))
[debug] Clause(Atom(sbt.plugins.JvmPlugin),Set(Atom(sbt.plugins.SemanticdbPlugin)))
[debug] Clause(Atom(sbt.plugins.JvmPlugin),Set(Atom(sbt.plugins.JUnitXmlReportPlugin)))
[debug] Clause(Atom(sbt.plugins.CorePlugin),Set(Atom(sbt.plugins.Giter8TemplatePlugin)))
[debug] Clause(Atom(sbt.plugins.JvmPlugin),Set(Atom(sbt.plugins.MiniDependencyTreePlugin))))
[debug]   :: deduced result: Matched(sbt.plugins.CorePlugin,sbt.plugins.Giter8TemplatePlugin,sbt.plugins.IvyPlugin,sbt.plugins.JvmPlugin,sbt.plugins.MiniDependencyTreePlugin,sbt.plugins.JUnitXmlReportPlugin,sbt.plugins.SemanticdbPlugin)
[debug] Plugins.deducer#function took 4.381749 ms
[debug]               Load.resolveProject(untitled1-build) took 2.223416ms
[debug]             Load.loadTransitive: finalizeProject(Project(id untitled1-build, base: /home/ramir_sultanov/Documents/uni/sub/sca/untitled1/project, plugins: List(<none>))) took 7.976614ms
[debug] [Loading] Done in /home/ramir_sultanov/Documents/uni/sub/sca/untitled1/project, returning: (untitled1-build)
[debug]           Load.loadUnit: loadedProjectsRaw took 13.790568ms
[debug]           Load.loadUnit: cleanEvalClasses took 0.041694ms
[debug]         Load.loadUnit(file:/home/ramir_sultanov/Documents/uni/sub/sca/untitled1/project/, ...) took 72.03672ms
[debug]       Load.apply: load took 78.614841ms
[debug]       Load.apply: resolveProjects took 0.833221ms
[debug]       Load.apply: finalTransforms took 43.616129ms
[debug]       Load.apply: config.delegates took 0.893214ms
[debug]       Load.apply: Def.make(settings)... took 336.997526ms
[debug]       Load.apply: structureIndex took 98.640165ms
[debug]       Load.apply: mkStreams took 0.008645ms
[info] loading project definition from /home/ramir_sultanov/Documents/uni/sub/sca/untitled1/project
[debug] Running task... Cancel: Signal, check cycles: false, forcegc: true
[debug]     Load.loadUnit: plugins took 1533.279416ms
[debug]     Load.loadUnit: defsScala took 0.018857ms
[debug] [Loading] Scanning directory /home/ramir_sultanov/Documents/uni/sub/sca/untitled1
[debug]       Load.loadUnit: mkEval took 34.664224ms
[debug] [Loading] Found non-root projects 
[debug] [Loading] Done in /home/ramir_sultanov/Documents/uni/sub/sca/untitled1, returning: ()
[debug] deducing auto plugins based on known facts Set(Atom(sbt.plugins.CorePlugin)) and clauses Clauses(Clause(Atom(sbt.plugins.JvmPlugin),Set(Atom(sbt.plugins.IvyPlugin)))
[debug] Clause(Atom(sbt.ScriptedPlugin),Set(Atom(sbt.plugins.JvmPlugin)))
[debug] Clause(Atom(sbt.plugins.SbtPlugin),Set(Atom(sbt.ScriptedPlugin)))
[debug] Clause(Atom(sbt.plugins.SemanticdbPlugin),Set(Atom(sbt.plugins.JvmPlugin)))
[debug] Clause(Atom(sbt.plugins.JUnitXmlReportPlugin),Set(Atom(sbt.plugins.JvmPlugin)))
[debug] Clause(Atom(sbt.plugins.MiniDependencyTreePlugin),Set(Atom(sbt.plugins.JvmPlugin)))
[debug] Clause(Atom(sbt.plugins.CorePlugin),Set(Atom(sbt.plugins.IvyPlugin)))
[debug] Clause(Atom(sbt.plugins.IvyPlugin),Set(Atom(sbt.plugins.JvmPlugin)))
[debug] Clause(Atom(sbt.plugins.JvmPlugin),Set(Atom(sbt.plugins.SemanticdbPlugin)))
[debug] Clause(Atom(sbt.plugins.JvmPlugin),Set(Atom(sbt.plugins.JUnitXmlReportPlugin)))
[debug] Clause(Atom(sbt.plugins.CorePlugin),Set(Atom(sbt.plugins.Giter8TemplatePlugin)))
[debug] Clause(Atom(sbt.plugins.JvmPlugin),Set(Atom(sbt.plugins.MiniDependencyTreePlugin))))
[debug]   :: deduced result: Matched(sbt.plugins.CorePlugin,sbt.plugins.Giter8TemplatePlugin,sbt.plugins.IvyPlugin,sbt.plugins.JvmPlugin,sbt.plugins.MiniDependencyTreePlugin,sbt.plugins.JUnitXmlReportPlugin,sbt.plugins.SemanticdbPlugin)
[debug] Plugins.deducer#function took 4.110944 ms
[info] loading settings for project untitled1 from build.sbt ...
[debug]         Load.resolveProject(untitled1) took 9.791522ms
[debug]       Load.loadTransitive: finalizeProject(Project(id untitled1, base: /home/ramir_sultanov/Documents/uni/sub/sca/untitled1, plugins: List(<none>))) took 15.274349ms
[debug] [Loading] Done in /home/ramir_sultanov/Documents/uni/sub/sca/untitled1, returning: (untitled1)
[debug]     Load.loadUnit: loadedProjectsRaw took 6953.679774ms
[debug]     Load.loadUnit: cleanEvalClasses took 11.044156ms
[debug]   Load.loadUnit(file:/home/ramir_sultanov/Documents/uni/sub/sca/untitled1/, ...) took 8499.820106ms
[debug] Load.apply: load took 8502.998774ms
[debug] Load.apply: resolveProjects took 0.383038ms
[debug] Load.apply: finalTransforms took 21.585714ms
[debug] Load.apply: config.delegates took 0.713371ms
[debug] Load.apply: Def.make(settings)... took 233.090944ms
[debug] Load.apply: structureIndex took 111.150001ms
[debug] Load.apply: mkStreams took 0.005051ms
[info] set current project to untitled1 (in build file:/home/ramir_sultanov/Documents/uni/sub/sca/untitled1/)
[debug] > Exec(sbtPopOnFailure, None, None)
[debug] > Exec(resumeFromFailure, None, None)
[debug] > Exec(notifyUsersAboutShell, None, None)
[debug] > Exec(iflast shell, None, None)
[debug] > Exec(shell, None, None)
[info] sbt server started at local:///home/ramir_sultanov/.sbt/1.0/server/47f25f047070a0336949/sock
[debug] Writing bsp connection file
[info] started sbt server
